[11:56:10] [ServerMain/INFO]: [bootstrap] Running Java 25 (OpenJDK 64-Bit Server VM 25.0.1+8-LTS; Microsoft Microsoft-12574222) on Linux 6.8.0-1030-azure (amd64)
[11:56:10] [ServerMain/INFO]: [bootstrap] Loading Paper 1.21.11-39-main@e5e2c50 (2025-12-12T22:00:30Z) for Minecraft 1.21.11
[11:56:10] [ServerMain/INFO]: [PluginInitializerManager] Initializing plugins...
[11:56:10] [ServerMain/INFO]: [PluginInitializerManager] Initialized 8 plugins
[11:56:10] [ServerMain/INFO]: [PluginInitializerManager] Paper plugins (2):
 - Minepacks (2.5.5-T20260104173759), MiniMOTD (2.2.2)
[11:56:10] [ServerMain/INFO]: [PluginInitializerManager] Bukkit plugins (6):
 - ClearLag (3.2.2), LPC (3.6.2), LuckPerms (5.5.24), PlaceholderAPI (2.11.7), SimpleScore (4.1.0), Vault (1.7.3-b131)
[11:56:15] [ServerMain/INFO]: Environment: Environment[sessionHost=https://sessionserver.mojang.com, servicesHost=https://api.minecraftservices.com, profilesHost=https://api.mojang.com, name=PROD]
[11:56:17] [ServerMain/INFO]: Loaded 1470 recipes
[11:56:17] [ServerMain/INFO]: Loaded 1584 advancements
[11:56:17] [ServerMain/INFO]: [ca.spottedleaf.dataconverter.minecraft.datatypes.MCTypeRegistry] Initialising converters for DataConverter...
[11:56:18] [ServerMain/INFO]: [ca.spottedleaf.dataconverter.minecraft.datatypes.MCTypeRegistry] Finished initialising converters for DataConverter in 405.7ms
[11:56:18] [Server thread/INFO]: Starting minecraft server version 1.21.11
[11:56:18] [Server thread/INFO]: Loading properties
[11:56:18] [Server thread/INFO]: This server is running Paper version 1.21.11-39-main@e5e2c50 (2025-12-12T22:00:30Z) (Implementing API version 1.21.11-R0.1-SNAPSHOT)
[11:56:18] [Server thread/INFO]: [spark] This server bundles the spark profiler. For more information please visit https://docs.papermc.io/paper/profiling
[11:56:18] [Server thread/INFO]: Server Ping Player Sample Count: 12
[11:56:18] [Server thread/INFO]: Using 4 threads for Netty based IO
[11:56:18] [Server thread/INFO]: [MoonriseCommon] Paper is using 1 worker threads, 1 I/O threads
[11:56:19] [Server thread/INFO]: Default game type: SURVIVAL
[11:56:19] [Server thread/INFO]: Generating keypair
[11:56:19] [Server thread/INFO]: Starting Minecraft server on *:25565
[11:56:19] [Server thread/INFO]: Paper: Using libdeflate (Linux x86_64) compression from Velocity.
[11:56:19] [Server thread/INFO]: Paper: Using OpenSSL 3.x.x (Linux x86_64) cipher from Velocity.
[11:56:19] [Server thread/INFO]: [Minepacks] PCGF-PluginLib not installed. Switching to standalone mode!
[11:56:19] [Server thread/INFO]: [PlaceholderAPI] Loading server plugin PlaceholderAPI v2.11.7
[11:56:19] [Server thread/INFO]: [LuckPerms] Loading server plugin LuckPerms v5.5.24
[11:56:19] [Server thread/INFO]: [LuckPerms] Loading configuration...
[11:56:19] [Server thread/INFO]: [SimpleScore] Loading server plugin SimpleScore v4.1.0
[11:56:20] [Server thread/INFO]: [Minepacks] Loading server plugin Minepacks v2.5.5-T20260104173759
[11:56:20] [Server thread/INFO]: [Vault] Loading server plugin Vault v1.7.3-b131
[11:56:20] [Server thread/INFO]: [MiniMOTD] Loading server plugin MiniMOTD v2.2.2
[11:56:20] [Server thread/INFO]: [LPC] Loading server plugin LPC v3.6.2
[11:56:20] [Server thread/INFO]: [ClearLag] Loading server plugin ClearLag v3.2.2
[11:56:20] [Server thread/INFO]: Server permissions file permissions.yml is empty, ignoring it
[11:56:20] [Server thread/INFO]: [LuckPerms] Enabling LuckPerms v5.5.24
[11:56:20] [Server thread/INFO]:         __    
[11:56:20] [Server thread/INFO]:   |    |__)   LuckPerms v5.5.24
[11:56:20] [Server thread/INFO]:   |___ |      Running on Bukkit - Paper
[11:56:20] [Server thread/INFO]: 
[11:56:20] [Server thread/INFO]: [LuckPerms] Loading storage provider... [H2]
[11:56:21] [Server thread/INFO]: [LuckPerms] Loading internal permission managers...
[11:56:21] [Server thread/INFO]: [LuckPerms] Performing initial data load...
[11:56:21] [Server thread/INFO]: [LuckPerms] Successfully enabled. (took 1176ms)
[11:56:21] [Server thread/INFO]: [Vault] Enabling Vault v1.7.3-b131
[11:56:21] [Server thread/INFO]: [Vault] [Permission] SuperPermissions loaded as backup permission system.
[11:56:21] [Server thread/INFO]: [Vault] Enabled Version 1.7.3-b131
[11:56:21] [Server thread/INFO]: [LuckPerms] Registered Vault permission & chat hook.
[11:56:21] [Server thread/WARN]: **** SERVER IS RUNNING IN OFFLINE/INSECURE MODE!
[11:56:21] [Server thread/WARN]: The server will make no attempt to authenticate usernames. Beware.
[11:56:21] [Server thread/WARN]: While this makes the game possible to play without internet access, it also opens up the ability for hackers to connect with any username they choose.
[11:56:21] [Server thread/WARN]: To change this, set "online-mode" to "true" in the server.properties file.
[11:56:21] [Server thread/INFO]: Preparing level "world"
[11:56:22] [Server thread/INFO]: Loading 0 persistent chunks for world 'minecraft:overworld'...
[11:56:22] [Server thread/INFO]: Preparing spawn area: 100%
[11:56:22] [Server thread/INFO]: Prepared spawn area in 8 ms
[11:56:22] [Server thread/INFO]: Loading 0 persistent chunks for world 'minecraft:the_nether'...
[11:56:22] [Server thread/INFO]: Prepared spawn area in 0 ms
[11:56:22] [Server thread/INFO]: Loading 0 persistent chunks for world 'minecraft:the_end'...
[11:56:22] [Server thread/INFO]: Prepared spawn area in 2 ms
[11:56:22] [Server thread/INFO]: Done preparing level "world" (0.802s)
[11:56:22] [Server thread/INFO]: [PlaceholderAPI] Enabling PlaceholderAPI v2.11.7
[11:56:22] [Server thread/INFO]: [PlaceholderAPI] Fetching available expansion information...
[11:56:22] [Server thread/INFO]: [SimpleScore] Enabling SimpleScore v4.1.0
[11:56:22] [Server thread/INFO]: [Minepacks] Enabling Minepacks v2.5.5-T20260104173759
[11:56:22] [Server thread/INFO]: [Minepacks] Starting Minepacks in standalone mode!
[11:56:22] [Server thread/INFO]: [Minepacks] File "/config.yml" extracted successfully!
[11:56:22] [Server thread/INFO]: [Minepacks] Config file successfully loaded.
[11:56:22] [Server thread/WARN]: [Minepacks] Paper support is experimental! Use at your own risk!
[11:56:22] [Server thread/WARN]: [Minepacks] No guarantee for data integrity! Backup constantly!
[11:56:22] [Server thread/INFO]: [Minepacks] File "/lang/en.yml" extracted successfully!
[11:56:22] [Server thread/INFO]: [Minepacks] Language file successfully loaded. Language: english  Author: GeorgH93
[11:56:23] [Server thread/INFO]: [Minepacks] Minepacks-Connection-Pool - Starting...
[11:56:23] [Server thread/INFO]: [Minepacks] Minepacks-Connection-Pool - Start completed.
[11:56:23] [Server thread/INFO]: [Minepacks] File "/lang/items_en.yml" extracted successfully!
[11:56:23] [Server thread/INFO]: [Minepacks] Item name language file successfully loaded. Language: english  Author: GeorgH93
[11:56:23] [Server thread/INFO]: [Minepacks] Loading item translations ...
[11:56:23] [Server thread/INFO]: [Minepacks] Finished loading item translations for 826 items.
[11:56:23] [Server thread/INFO]: [PlaceholderAPI] Successfully registered internal expansion: minepacks [2.5.5-T20260104173759]
[11:56:23] [Server thread/INFO]: [Minepacks] PlaceholderAPI hook was successfully registered!
[11:56:23] [Server thread/INFO]: [Minepacks]  Minepacks has been enabled!  :) 
[11:56:23] [Server thread/INFO]: [MiniMOTD] Enabling MiniMOTD v2.2.2
[11:56:23] [Server thread/INFO]: [LPC] Enabling LPC v3.6.2
[11:56:23] [Server thread/INFO]: [ClearLag] Enabling ClearLag v3.2.2
[11:56:23] [Server thread/INFO]: [ClearLag] Using version-adapter: LatestVersionAdapter
[11:56:23] [Server thread/INFO]: [ClearLag] Loading modules...
[11:56:23] [Server thread/WARN]: [ClearLag] Clearlag failed to use the internal TPS tracker during initialization. Reverted to estimation... (Index 3 out of bounds for length 3)
[11:56:23] [Server thread/INFO]: [ClearLag] Modules enabed, loading config values
[11:56:23] [Server thread/INFO]: [ClearLag] Modules have been loaded!
[11:56:23] [Server thread/INFO]: [ClearLag] Clearlag is now enabled!
[11:56:23] [Thread-9/WARN]: [ClearLag] Clearlag failed to check for updates - bukkit may be down
[11:56:23] [Thread-9/WARN]: java.lang.ArrayIndexOutOfBoundsException: Index 3 out of bounds for length 3
[11:56:23] [Thread-9/WARN]: 	at Clearlag.jar//me.minebuilders.clearlag.Util.getBukkitVersion(Util.java:105)
[11:56:23] [Thread-9/WARN]: 	at Clearlag.jar//me.minebuilders.clearlag.BukkitUpdater.updateAvailable(BukkitUpdater.java:32)
[11:56:23] [Thread-9/WARN]: 	at Clearlag.jar//me.minebuilders.clearlag.BukkitUpdater.run(BukkitUpdater.java:82)
[11:56:23] [Thread-9/WARN]: 	at java.base/java.lang.Thread.run(Thread.java:1474)
[11:56:24] [Server thread/INFO]: [spark] Starting background profiler...
[11:56:24] [Server thread/INFO]: [PlaceholderAPI] Placeholder expansion registration initializing...
[11:56:24] [Server thread/INFO]: Running delayed init tasks
[11:56:24] [Server thread/INFO]: Done (14.811s)! For help, type "help"
[11:56:24] [Craft Scheduler Thread - 2 - Vault/INFO]: [Vault] Checking for Updates ... 
[11:56:24] [Server thread/INFO]: [PlaceholderAPI] Successfully registered external expansion: vault [1.8.3]
[11:56:24] [Server thread/INFO]: [PlaceholderAPI] Successfully registered external expansion: server [2.7.3]
[11:56:24] [Server thread/INFO]: [PlaceholderAPI] Successfully registered external expansion: statistic [2.0.2]
[11:56:24] [Server thread/INFO]: [PlaceholderAPI] Successfully registered external expansion: player [2.0.9]
[11:56:24] [Server thread/INFO]: [PlaceholderAPI] Successfully registered external expansion: luckperms [5.4-R2]
[11:56:24] [Server thread/INFO]: 5 placeholder hook(s) registered!
[11:56:24] [Craft Scheduler Thread - 2 - Vault/INFO]: [Vault] No new version available
[11:56:55] [luckperms-command-executor/INFO]: [LP] Set minepack.use to true for member in context global.
[11:57:03] [luckperms-command-executor/INFO]: [LP] Set minepack.size.3 to true for member in context global.
[11:57:12] [luckperms-command-executor/INFO]: [LP] Set minepack.size.6 to true for owner in context global.
[11:57:46] [luckperms-command-executor/INFO]: [LP] Set minepack.size.6 to true for admin in context global.
[11:59:36] [User Authenticator #0/INFO]: UUID of player Maozoku is 385b23ef-25b4-3a6c-b5e4-0b6ee56c03d8
[11:59:36] [Server thread/INFO]: [HorriblePlayerLoginEventHack] You have plugins listening to the PlayerLoginEvent, this will cause re-configuration APIs to be unavailable: [LuckPerms]
[11:59:39] [Server thread/INFO]: Maozoku joined the game
[11:59:39] [Server thread/INFO]: Maozoku[/127.90.122.193:38983] logged in with entity id 1 at ([world]99.22063323123409, 93.23327135529931, -42.579786368467204)
[11:59:39] [Server thread/INFO]: Environment: Environment[sessionHost=https://sessionserver.mojang.com, servicesHost=https://api.minecraftservices.com, profilesHost=https://api.mojang.com, name=PROD]
[12:00:35] [Server thread/INFO]: Maozoku issued server command: /bp
[12:00:52] [Server thread/INFO]: Maozoku issued server command: /bp
[12:01:37] [Server thread/INFO]: Maozoku lost connection: Disconnected
[12:01:37] [Server thread/INFO]: Maozoku left the game
